#
# There is insufficient memory for the Java Runtime Environment to continue.
# Native memory allocation (malloc) failed to allocate 1048576 bytes for AllocateHeap
# Possible reasons:
#   The system is out of physical RAM or swap space
#   In 32 bit mode, the process size limit was hit
# Possible solutions:
#   Reduce memory load on the system
#   Increase physical memory or swap space
#   Check if swap backing store is full
#   Use 64 bit Java on a 64 bit OS
#   Decrease Java heap size (-Xmx/-Xms)
#   Decrease number of Java threads
#   Decrease Java thread stack sizes (-Xss)
#   Set larger code cache with -XX:ReservedCodeCacheSize=
# This output file may be truncated or incomplete.
#
#  Out of Memory Error (memory/allocation.inline.hpp:61), pid=27480, tid=0x0000000000006edc
#
# JRE version:  (8.0_152-b16) (build )
# Java VM: Java HotSpot(TM) 64-Bit Server VM (25.152-b16 mixed mode windows-amd64 compressed oops)
# Failed to write core dump. Minidumps are not enabled by default on client versions of Windows
#

---------------  T H R E A D  ---------------

Current thread (0x0000000004eee800):  JavaThread "Unknown thread" [_thread_in_vm, id=28380, stack(0x0000000004f90000,0x0000000005090000)]

Stack: [0x0000000004f90000,0x0000000005090000]
[error occurred during error reporting (printing stack bounds), id 0xc0000005]

Native frames: (J=compiled Java code, j=interpreted, Vv=VM code, C=native code)


---------------  P R O C E S S  ---------------

Java Threads: ( => current thread )

Other Threads:

=>0x0000000004eee800 (exited) JavaThread "Unknown thread" [_thread_in_vm, id=28380, stack(0x0000000004f90000,0x0000000005090000)]

VM state:not at safepoint (normal execution)

VM Mutex/Monitor currently owned by a thread: None

Heap:
 PSYoungGen      total 18944K, used 327K [0x00000000feb00000, 0x0000000100000000, 0x0000000100000000)
  eden space 16384K, 2% used [0x00000000feb00000,0x00000000feb51ec8,0x00000000ffb00000)
  from space 2560K, 0% used [0x00000000ffd80000,0x00000000ffd80000,0x0000000100000000)
  to   space 2560K, 0% used [0x00000000ffb00000,0x00000000ffb00000,0x00000000ffd80000)
 ParOldGen       total 44032K, used 0K [0x00000000fc000000, 0x00000000feb00000, 0x00000000feb00000)
  object space 44032K, 0% used [0x00000000fc000000,0x00000000fc000000,0x00000000feb00000)
 Metaspace       used 770K, capacity 4480K, committed 4480K, reserved 1056768K
  class space    used 75K, capacity 384K, committed 384K, reserved 1048576K

Card table byte_map: [0x0000000004e80000,0x0000000004eb0000] byte_map_base: 0x00000000046a0000

Marking Bits: (ParMarkBitMap*) 0x00000000583c0860
 Begin Bits: [0x0000000014d50000, 0x0000000014e50000)
 End Bits:   [0x0000000014e50000, 0x0000000014f50000)

Polling page: 0x0000000003110000

CodeCache: size=245760Kb used=328Kb max_used=328Kb free=245431Kb
 bounds [0x0000000005190000, 0x0000000005400000, 0x0000000014190000]
 total_blobs=58 nmethods=0 adapters=38
 compilation: enabled

Compilation events (0 events):
No events

GC Heap History (0 events):
No events

Deoptimization events (0 events):
No events

Classes redefined (0 events):
No events

Internal exceptions (0 events):
No events

Events (10 events):
Event: 0.018 loading class java/lang/Short
Event: 0.018 loading class java/lang/Short done
Event: 0.018 loading class java/lang/Integer
Event: 0.019 loading class java/lang/Integer done
Event: 0.019 loading class java/lang/Long
Event: 0.019 loading class java/lang/Long done
Event: 0.019 loading class java/lang/NullPointerException
Event: 0.019 loading class java/lang/NullPointerException done
Event: 0.019 loading class java/lang/ArithmeticException
Event: 0.019 loading class java/lang/ArithmeticException done


Dynamic libraries:
0x00007ff798d60000 - 0x00007ff798d97000 	C:\Development\Java\jdk1.8.0_152\bin\java.exe
0x00007ff85c3c0000 - 0x00007ff85c5a0000 	C:\WINDOWS\SYSTEM32\ntdll.dll
0x00007ff859890000 - 0x00007ff85993e000 	C:\WINDOWS\System32\KERNEL32.DLL
0x00007ff8587c0000 - 0x00007ff858a26000 	C:\WINDOWS\System32\KERNELBASE.dll
0x00007ff85b030000 - 0x00007ff85b0d1000 	C:\WINDOWS\System32\ADVAPI32.dll
0x00007ff85ae10000 - 0x00007ff85aead000 	C:\WINDOWS\System32\msvcrt.dll
0x00007ff85bc20000 - 0x00007ff85bc7b000 	C:\WINDOWS\System32\sechost.dll
0x00007ff85af10000 - 0x00007ff85b02f000 	C:\WINDOWS\System32\RPCRT4.dll
0x00007ff85b2c0000 - 0x00007ff85b44f000 	C:\WINDOWS\System32\USER32.dll
0x00007ff859810000 - 0x00007ff859830000 	C:\WINDOWS\System32\win32u.dll
0x00007ff85bf10000 - 0x00007ff85bf38000 	C:\WINDOWS\System32\GDI32.dll
0x00007ff858a30000 - 0x00007ff858bc3000 	C:\WINDOWS\System32\gdi32full.dll
0x00007ff858c80000 - 0x00007ff858d1b000 	C:\WINDOWS\System32\msvcp_win.dll
0x00007ff859710000 - 0x00007ff859806000 	C:\WINDOWS\System32\ucrtbase.dll
0x00007ff84e990000 - 0x00007ff84ebf9000 	C:\WINDOWS\WinSxS\amd64_microsoft.windows.common-controls_6595b64144ccf1df_6.0.16299.371_none_15c7d1789365a290\COMCTL32.dll
0x00007ff85b840000 - 0x00007ff85bb48000 	C:\WINDOWS\System32\combase.dll
0x00007ff858d70000 - 0x00007ff858de2000 	C:\WINDOWS\System32\bcryptPrimitives.dll
0x00007ff85b290000 - 0x00007ff85b2bd000 	C:\WINDOWS\System32\IMM32.DLL
0x0000000058440000 - 0x0000000058512000 	C:\Development\Java\jdk1.8.0_152\jre\bin\msvcr100.dll
0x0000000057ba0000 - 0x0000000058440000 	C:\Development\Java\jdk1.8.0_152\jre\bin\server\jvm.dll
0x00007ff85bf00000 - 0x00007ff85bf08000 	C:\WINDOWS\System32\PSAPI.DLL
0x00007ff837d10000 - 0x00007ff837d19000 	C:\WINDOWS\SYSTEM32\WSOCK32.dll
0x00007ff852d30000 - 0x00007ff852d3a000 	C:\WINDOWS\SYSTEM32\VERSION.dll
0x00007ff856860000 - 0x00007ff856883000 	C:\WINDOWS\SYSTEM32\WINMM.dll
0x00007ff85be30000 - 0x00007ff85be9c000 	C:\WINDOWS\System32\WS2_32.dll
0x00007ff856830000 - 0x00007ff85685a000 	C:\WINDOWS\SYSTEM32\winmmbase.dll
0x00007ff858d20000 - 0x00007ff858d6a000 	C:\WINDOWS\System32\cfgmgr32.dll
0x0000000057b90000 - 0x0000000057b9f000 	C:\Development\Java\jdk1.8.0_152\jre\bin\verify.dll
0x0000000057b60000 - 0x0000000057b89000 	C:\Development\Java\jdk1.8.0_152\jre\bin\java.dll
0x0000000057b40000 - 0x0000000057b56000 	C:\Development\Java\jdk1.8.0_152\jre\bin\zip.dll

VM Arguments:
jvm_args: -Djava.awt.headless=true -Xmx64M -Dfile.encoding=windows-1252 -Duser.country=US -Duser.language=en -Duser.variant 
java_command: com.google.devtools.build.android.desugar.Desugar --input C:\Development\Projects\Android Studio\GNBTransactions\app\build\intermediates\classes\debug --output C:\Development\Projects\Android Studio\GNBTransactions\app\build\intermediates\transforms\desugar\debug\0 --classpath_entry C:\Development\Projects\Android Studio\GNBTransactions\app\build\intermediates\classes\debug --classpath_entry C:\Development\Projects\Android Studio\GNBTransactions\app\build\intermediates\transforms\stackFramesFixer\debug\9.jar --classpath_entry C:\Development\Projects\Android Studio\GNBTransactions\app\build\intermediates\transforms\stackFramesFixer\debug\15.jar --classpath_entry C:\Development\Projects\Android Studio\GNBTransactions\app\build\intermediates\transforms\stackFramesFixer\debug\4.jar --classpath_entry C:\Development\Projects\Android Studio\GNBTransactions\app\build\intermediates\transforms\stackFramesFixer\debug\2.jar --classpath_entry C:\Development\Projects\Android Studio\GNBTransactions\app\build\intermediates\transforms\stackFramesFixer\debug\7.jar --classpath_entry C:\Development\Projects\Android Studio\GNBTransactions\app\build\intermediates\transforms\stackFramesFixer\debug\13.jar --classpath_entry C:\Development\Projects\Android Studio\GNBTransactions\app\build\intermediates\transforms\stackFramesFixer\debug\0.jar --classpath_entry C:\Development\Projects\Android Studio\GNBTransactions\app\build\intermediates\transforms\stackFramesFixer\debug\12.jar --classpath_entry C:\Development\Projects\Android Studio\GNBTransactions\app\build\intermediates\transforms\stackFramesFixer\debug\10.jar --classpath_entry C:\Development\Projects\Android Studio\GNBTransactions\app\build\intermediates\transforms\stackFramesFixer\debug\8.jar --classpath_entry C:\Development\Projects\Android Studio\GNBTransactions\app\build\intermediates\transforms\stackFramesFixer\debug\3.jar --classpath_entry C:\Development\Projects\Android Studio\GNBTransactions\app\build\intermediates
java_class_path (initial): C:\Users\Cosmin\AppData\Local\Temp\desugar_deploy.jar2777737729617466381
Launcher Type: SUN_STANDARD

Environment Variables:
PATH=C:\Development\Oracle_12c\dbhome_1\bin;C:\Windows\system32;C:\Windows;C:\Windows\System32\Wbem;C:\Windows\System32\WindowsPowerShell\v1.0\;C:\Program Files (x86)\NVIDIA Corporation\PhysX\Common;C:\Development\Git\cmd;C:\WINDOWS\system32;C:\WINDOWS;C:\WINDOWS\System32\Wbem;C:\WINDOWS\System32\WindowsPowerShell\v1.0\;C:\Program Files\dotnet\;C:\Program Files\Microsoft SQL Server\130\Tools\Binn\;C:\Development\Java\jdk1.8.0_152\bin;C:\Users\Cosmin\AppData\Local\Microsoft\WindowsApps;C:\Development\MiKTeX 2.9\miktex\bin\x64\
USERNAME=Cosmin
OS=Windows_NT
PROCESSOR_IDENTIFIER=Intel64 Family 6 Model 158 Stepping 9, GenuineIntel



---------------  S Y S T E M  ---------------

OS: Windows 10.0 , 64 bit Build 16299 (10.0.16299.15)

CPU:total 8 (initial active 8) (4 cores per cpu, 2 threads per core) family 6 model 158 stepping 9, cmov, cx8, fxsr, mmx, sse, sse2, sse3, ssse3, sse4.1, sse4.2, popcnt, avx, avx2, aes, clmul, erms, 3dnowpref, lzcnt, ht, tsc, tscinvbit, bmi1, bmi2, adx

Memory: 4k page, physical 16655436k(6376616k free), swap 16655436k(6108k free)

vm_info: Java HotSpot(TM) 64-Bit Server VM (25.152-b16) for windows-amd64 JRE (1.8.0_152-b16), built on Sep 14 2017 02:29:36 by "java_re" with MS VC++ 10.0 (VS2010)

time: Sun Apr 22 02:54:37 2018
elapsed time: 0 seconds (0d 0h 0m 0s)

